<?xml version="1.0" encoding="UTF-8"?>
<!-- Generated by org.testng.reporters.JUnitXMLReporter -->
<testsuite hostname="marci" ignored="0" name="Surefire test" tests="1" failures="1" timestamp="15 mar 2020 19:55:36 GMT" time="1.437" errors="0">
  <testcase name="runScenario" time="0.22" classname="cucumber.api.testng.AbstractTestNGCucumberTests">
    <failure type="java.lang.NullPointerException">
      <![CDATA[java.lang.NullPointerException
at br.com.pom.pageObject.Pesquisa.acessaTelaPesquisa(Pesquisa.java:25)
at gherkin.stepdefinition.PesquisaSteps.queEuAcesseAUrl(PesquisaSteps.java:17)
at ✽.que eu acesse a url "http://lelivros.love"(file:feature/PesquisaLivros.feature:9)
]]>
    </failure>
  </testcase> <!-- runScenario -->
</testsuite> <!-- Surefire test -->
