<?xml version="1.0" encoding="UTF-8"?>
<!-- Generated by org.testng.reporters.JUnitReportReporter -->
<testsuite skipped="0" hostname="marci" name="runner.Runner" tests="1" failures="0" timestamp="15 mar 2020 19:55:36 GMT" time="0.220" errors="1">
  <testcase name="runScenario" time="0.220" classname="runner.Runner">
    <error type="java.lang.NullPointerException">
      <![CDATA[java.lang.NullPointerException
at br.com.pom.pageObject.Pesquisa.acessaTelaPesquisa(Pesquisa.java:25)
at gherkin.stepdefinition.PesquisaSteps.queEuAcesseAUrl(PesquisaSteps.java:17)
at ✽.que eu acesse a url "http://lelivros.love"(file:feature/PesquisaLivros.feature:9)
]]>
    </error>
  </testcase> <!-- runScenario -->
</testsuite> <!-- runner.Runner -->
